<?xml version="1.0" encoding="UTF-8"?>
<testng-results skipped="0" failed="0" total="1" passed="1">
  <reporter-output>
  </reporter-output>
  <suite name="Default suite" duration-ms="40505" started-at="2014-10-03T18:36:54Z" finished-at="2014-10-03T18:37:35Z">
    <groups>
    </groups>
    <test name="Default test" duration-ms="40505" started-at="2014-10-03T18:36:54Z" finished-at="2014-10-03T18:37:35Z">
      <class name="Test.letterFromUser1GoToSpamFolder">
        <test-method status="PASS" signature="beforeTest()[pri:0, instance:Test.letterFromUser1GoToSpamFolder@72732600]" name="beforeTest" is-config="true" duration-ms="31706" started-at="2014-10-03T21:36:54Z" finished-at="2014-10-03T21:37:26Z">
          <reporter-output>
          </reporter-output>
        </test-method> <!-- beforeTest -->
        <test-method status="PASS" signature="openAccountGmail()[pri:0, instance:Test.letterFromUser1GoToSpamFolder@72732600]" name="openAccountGmail" duration-ms="8785" started-at="2014-10-03T21:37:26Z" finished-at="2014-10-03T21:37:35Z">
          <reporter-output>
          </reporter-output>
        </test-method> <!-- openAccountGmail -->
        <test-method status="PASS" signature="afterTest()[pri:0, instance:Test.letterFromUser1GoToSpamFolder@72732600]" name="afterTest" is-config="true" duration-ms="1" started-at="2014-10-03T21:37:35Z" finished-at="2014-10-03T21:37:35Z">
          <reporter-output>
          </reporter-output>
        </test-method> <!-- afterTest -->
      </class> <!-- Test.letterFromUser1GoToSpamFolder -->
    </test> <!-- Default test -->
  </suite> <!-- Default suite -->
</testng-results>
