<?xml version="1.0" encoding="UTF-8"?>
<testng-results skipped="0" failed="0" total="1" passed="1">
  <reporter-output>
  </reporter-output>
  <suite name="Default suite" duration-ms="56033" started-at="2014-10-07T10:15:18Z" finished-at="2014-10-07T10:16:14Z">
    <groups>
    </groups>
    <test name="Default test" duration-ms="56033" started-at="2014-10-07T10:15:18Z" finished-at="2014-10-07T10:16:14Z">
      <class name="Test.letterFromUser1GoToSpamFolder">
        <test-method status="PASS" signature="beforeTest()[pri:0, instance:Test.letterFromUser1GoToSpamFolder@2810b7f7]" name="beforeTest" is-config="true" duration-ms="25172" started-at="2014-10-07T13:15:18Z" finished-at="2014-10-07T13:15:44Z">
          <reporter-output>
          </reporter-output>
        </test-method> <!-- beforeTest -->
        <test-method status="PASS" signature="FirstUserSendMessageToSecondUser()[pri:0, instance:Test.letterFromUser1GoToSpamFolder@2810b7f7]" name="FirstUserSendMessageToSecondUser" duration-ms="30845" started-at="2014-10-07T13:15:44Z" finished-at="2014-10-07T13:16:14Z">
          <reporter-output>
          </reporter-output>
        </test-method> <!-- FirstUserSendMessageToSecondUser -->
        <test-method status="PASS" signature="afterTest()[pri:0, instance:Test.letterFromUser1GoToSpamFolder@2810b7f7]" name="afterTest" is-config="true" duration-ms="0" started-at="2014-10-07T13:16:14Z" finished-at="2014-10-07T13:16:14Z">
          <reporter-output>
          </reporter-output>
        </test-method> <!-- afterTest -->
      </class> <!-- Test.letterFromUser1GoToSpamFolder -->
    </test> <!-- Default test -->
  </suite> <!-- Default suite -->
</testng-results>
